#0 building with "default" instance using docker driver

#1 [internal] load build definition from Dockerfile
#1 transferring dockerfile: 2.15kB done
#1 DONE 0.0s

#2 [internal] load metadata for docker.io/library/python:3.11-slim
#2 DONE 0.4s

#3 [internal] load .dockerignore
#3 transferring context: 2B done
#3 DONE 0.0s

#4 [deps 1/4] FROM docker.io/library/python:3.11-slim@sha256:2c285c669cc837aa3bcf1af23ea1932b7b5214f9c9d3aad22417446ad91cb4fb
#4 resolve docker.io/library/python:3.11-slim@sha256:2c285c669cc837aa3bcf1af23ea1932b7b5214f9c9d3aad22417446ad91cb4fb 0.0s done
#4 DONE 0.0s

#5 [internal] load build context
#5 transferring context: 1.56kB done
#5 DONE 0.0s

#6 [runner 4/9] RUN mkdir -p /app/logs && chown -R appusr:appgrp /app/logs
#6 CACHED

#7 [deps 2/4] RUN python -m venv /opt/venv
#7 CACHED

#8 [deps 3/4] COPY requirements.txt /tmp/requirements.txt
#8 CACHED

#9 [runner 6/9] RUN apt-get update     && apt-get install -y --no-install-recommends wget curl     && DEBIAN_FRONTEND=noninteractive playwright install-deps chromium     && rm -rf /var/lib/apt/lists/*
#9 CACHED

#10 [runner 7/9] COPY app/ ./app/
#10 CACHED

#11 [runner 2/9] WORKDIR /app
#11 CACHED

#12 [runner 3/9] RUN groupadd --system --gid 1001 appgrp     && useradd --system --uid 1001 --gid appgrp -m -d /home/appusr appusr
#12 CACHED

#13 [deps 4/4] RUN pip install --no-cache-dir -r /tmp/requirements.txt
#13 CACHED

#14 [runner 5/9] COPY --from=deps /opt/venv /opt/venv
#14 CACHED

#15 [runner 8/9] RUN chown -R appusr:appgrp /app
#15 CACHED

#16 [runner 9/9] RUN playwright install chromium
#16 0.607 Downloading Chrome for Testing 148.0.7778.96 (playwright chromium v1223) from https://cdn.playwright.dev/builds/cft/148.0.7778.96/linux64/chrome-linux64.zip
#16 1.869 |                                                                                |   0% of 175.4 MiB
#16 2.639 |■■■■■■■■                                                                        |  10% of 175.4 MiB
#16 3.295 |■■■■■■■■■■■■■■■■                                                                |  20% of 175.4 MiB
#16 3.907 |■■■■■■■■■■■■■■■■■■■■■■■■                                                        |  30% of 175.4 MiB
#16 4.598 |■■■■■■■■■■■■■■■■■■■■■■■■■■■■■■■■                                                |  40% of 175.4 MiB
#16 5.247 |■■■■■■■■■■■■■■■■■■■■■■■■■■■■■■■■■■■■■■■■                                        |  50% of 175.4 MiB
#16 5.801 |■■■■■■■■■■■■■■■■■■■■■■■■■■■■■■■■■■■■■■■■■■■■■■■■                                |  60% of 175.4 MiB
#16 6.404 |■■■■■■■■■■■■■■■■■■■■■■■■■■■■■■■■■■■■■■■■■■■■■■■■■■■■■■■■                        |  70% of 175.4 MiB
#16 7.024 |■■■■■■■■■■■■■■■■■■■■■■■■■■■■■■■■■■■■■■■■■■■■■■■■■■■■■■■■■■■■■■■■                |  80% of 175.4 MiB
#16 7.614 |■■■■■■■■■■■■■■■■■■■■■■■■■■■■■■■■■■■■■■■■■■■■■■■■■■■■■■■■■■■■■■■■■■■■■■■■        |  90% of 175.4 MiB
#16 8.235 |■■■■■■■■■■■■■■■■■■■■■■■■■■■■■■■■■■■■■■■■■■■■■■■■■■■■■■■■■■■■■■■■■■■■■■■■■■■■■■■■| 100% of 175.4 MiB
#16 12.10 Chrome for Testing 148.0.7778.96 (playwright chromium v1223) downloaded to /home/appusr/.cache/ms-playwright/chromium-1223
#16 12.11 Downloading FFmpeg (playwright ffmpeg v1011) from https://cdn.playwright.dev/dbazure/download/playwright/builds/ffmpeg/1011/ffmpeg-linux.zip
#16 13.40 |                                                                                |   0% of 2.3 MiB
#16 13.44 |■■■■■■■■                                                                        |  10% of 2.3 MiB
#16 13.47 |■■■■■■■■■■■■■■■■                                                                |  20% of 2.3 MiB
#16 13.48 |■■■■■■■■■■■■■■■■■■■■■■■■                                                        |  30% of 2.3 MiB
#16 13.49 |■■■■■■■■■■■■■■■■■■■■■■■■■■■■■■■■                                                |  40% of 2.3 MiB
#16 13.50 |■■■■■■■■■■■■■■■■■■■■■■■■■■■■■■■■■■■■■■■■                                        |  50% of 2.3 MiB
#16 13.50 |■■■■■■■■■■■■■■■■■■■■■■■■■■■■■■■■■■■■■■■■■■■■■■■■                                |  60% of 2.3 MiB
#16 13.51 |■■■■■■■■■■■■■■■■■■■■■■■■■■■■■■■■■■■■■■■■■■■■■■■■■■■■■■■■                        |  70% of 2.3 MiB
#16 13.52 |■■■■■■■■■■■■■■■■■■■■■■■■■■■■■■■■■■■■■■■■■■■■■■■■■■■■■■■■■■■■■■■■                |  80% of 2.3 MiB
#16 13.52 |■■■■■■■■■■■■■■■■■■■■■■■■■■■■■■■■■■■■■■■■■■■■■■■■■■■■■■■■■■■■■■■■■■■■■■■■        |  90% of 2.3 MiB
#16 13.53 |■■■■■■■■■■■■■■■■■■■■■■■■■■■■■■■■■■■■■■■■■■■■■■■■■■■■■■■■■■■■■■■■■■■■■■■■■■■■■■■■| 100% of 2.3 MiB
#16 13.61 FFmpeg (playwright ffmpeg v1011) downloaded to /home/appusr/.cache/ms-playwright/ffmpeg-1011
#16 13.61 Downloading Chrome Headless Shell 148.0.7778.96 (playwright chromium-headless-shell v1223) from https://cdn.playwright.dev/builds/cft/148.0.7778.96/linux64/chrome-headless-shell-linux64.zip
#16 CANCELED
ERROR: failed to build: failed to solve: Canceled: context canceled
